Using pre-set license
Built from '2020.3/staging' branch; Version is '2020.3.45f1 (660cd1701bd5) revision 6687953'; Using compiler version '192528614'; Build Type 'Release'
OS: 'Windows 11  (10.0.22621) 64bit Core' Language: 'en' Physical Memory: 8013 MB
BatchMode: 1, IsHumanControllingUs: 0, StartBugReporterOnCrash: 0, Is64bit: 1, IsPro: 0

COMMAND LINE ARGUMENTS:
C:\Program Files\Unity\Hub\Editor\2020.3.45f1\Editor\Unity.exe
-adb2
-batchMode
-noUpm
-name
AssetImportWorker0
-projectPath
C:/Users/alexk/OneDrive/Desktop/APMidyearFinal
-logFile
Logs/AssetImportWorker0.log
-srvPort
60056
Successfully changed project path to: C:/Users/alexk/OneDrive/Desktop/APMidyearFinal
C:/Users/alexk/OneDrive/Desktop/APMidyearFinal
Using Asset Import Pipeline V2.
Player connection [2252] Host "[IP] 192.168.4.154 [Port] 73 [Flags] 2 [Guid] 2871133661 [EditorId] 2871133661 [Version] 1048832 [Id] WindowsEditor(7,MSI) [Debug] 1 [PackageName] WindowsEditor [ProjectName] Editor" joined multi-casting on [225.0.0.222:54997]...

Player connection [2252] Host "[IP] 192.168.4.154 [Port] 73 [Flags] 2 [Guid] 2871133661 [EditorId] 2871133661 [Version] 1048832 [Id] WindowsEditor(7,MSI) [Debug] 1 [PackageName] WindowsEditor [ProjectName] Editor" joined alternative multi-casting on [225.0.0.222:34997]...

Refreshing native plugins compatible for Editor in 51.61 ms, found 3 plugins.
Preloading 0 native plugins for Editor in 0.00 ms.
Initialize engine version: 2020.3.45f1 (660cd1701bd5)
[Subsystems] Discovering subsystems at path C:/Program Files/Unity/Hub/Editor/2020.3.45f1/Editor/Data/Resources/UnitySubsystems
[Subsystems] Discovering subsystems at path C:/Users/alexk/OneDrive/Desktop/APMidyearFinal/Assets
GfxDevice: creating device client; threaded=0
Direct3D:
    Version:  Direct3D 11.0 [level 11.1]
    Renderer: NVIDIA GeForce GTX 1650 Ti (ID=0x1f95)
    Vendor:   
    VRAM:     3962 MB
    Driver:   26.21.14.4223
Initialize mono
Mono path[0] = 'C:/Program Files/Unity/Hub/Editor/2020.3.45f1/Editor/Data/Managed'
Mono path[1] = 'C:/Program Files/Unity/Hub/Editor/2020.3.45f1/Editor/Data/MonoBleedingEdge/lib/mono/unityjit'
Mono config path = 'C:/Program Files/Unity/Hub/Editor/2020.3.45f1/Editor/Data/MonoBleedingEdge/etc'
Using monoOptions --debugger-agent=transport=dt_socket,embedding=1,server=y,suspend=n,address=127.0.0.1:56440
Begin MonoManager ReloadAssembly
Registering precompiled unity dll's ...
Register platform support module: C:/Program Files/Unity/Hub/Editor/2020.3.45f1/Editor/Data/PlaybackEngines/WindowsStandaloneSupport/UnityEditor.WindowsStandalone.Extensions.dll
Registered in 0.002142 seconds.
Native extension for WindowsStandalone target not found
Refreshing native plugins compatible for Editor in 49.55 ms, found 3 plugins.
Preloading 0 native plugins for Editor in 0.00 ms.
Mono: successfully reloaded assembly
- Completed reload, in  0.653 seconds
Domain Reload Profiling:
	ReloadAssembly (653ms)
		BeginReloadAssembly (71ms)
			ExecutionOrderSort (0ms)
			DisableScriptedObjects (0ms)
			BackupInstance (0ms)
			ReleaseScriptingObjects (0ms)
			CreateAndSetChildDomain (1ms)
		EndReloadAssembly (505ms)
			LoadAssemblies (69ms)
			RebuildTransferFunctionScriptingTraits (0ms)
			SetupTypeCache (167ms)
			ReleaseScriptCaches (0ms)
			RebuildScriptCaches (30ms)
			SetupLoadedEditorAssemblies (195ms)
				LogAssemblyErrors (0ms)
				InitializePlatformSupportModulesInManaged (6ms)
				SetLoadedEditorAssemblies (0ms)
				RefreshPlugins (50ms)
				BeforeProcessingInitializeOnLoad (15ms)
				ProcessInitializeOnLoadAttributes (93ms)
				ProcessInitializeOnLoadMethodAttributes (32ms)
				AfterProcessingInitializeOnLoad (0ms)
				EditorAssembliesLoaded (0ms)
			ExecutionOrderSort2 (0ms)
			AwakeInstancesAfterBackupRestoration (0ms)
Platform modules already initialized, skipping
Registering precompiled user dll's ...
Registered in 0.004156 seconds.
Begin MonoManager ReloadAssembly
Native extension for WindowsStandalone target not found
Refreshing native plugins compatible for Editor in 44.85 ms, found 3 plugins.
Preloading 0 native plugins for Editor in 0.00 ms.
Mono: successfully reloaded assembly
- Completed reload, in  1.238 seconds
Domain Reload Profiling:
	ReloadAssembly (1239ms)
		BeginReloadAssembly (152ms)
			ExecutionOrderSort (0ms)
			DisableScriptedObjects (5ms)
			BackupInstance (0ms)
			ReleaseScriptingObjects (0ms)
			CreateAndSetChildDomain (21ms)
		EndReloadAssembly (1018ms)
			LoadAssemblies (112ms)
			RebuildTransferFunctionScriptingTraits (0ms)
			SetupTypeCache (343ms)
			ReleaseScriptCaches (1ms)
			RebuildScriptCaches (61ms)
			SetupLoadedEditorAssemblies (373ms)
				LogAssemblyErrors (0ms)
				InitializePlatformSupportModulesInManaged (3ms)
				SetLoadedEditorAssemblies (0ms)
				RefreshPlugins (45ms)
				BeforeProcessingInitializeOnLoad (87ms)
				ProcessInitializeOnLoadAttributes (206ms)
				ProcessInitializeOnLoadMethodAttributes (24ms)
				AfterProcessingInitializeOnLoad (8ms)
				EditorAssembliesLoaded (0ms)
			ExecutionOrderSort2 (0ms)
			AwakeInstancesAfterBackupRestoration (2ms)
Platform modules already initialized, skipping
========================================================================
Worker process is ready to serve import requests
Launched and connected shader compiler UnityShaderCompiler.exe after 0.07 seconds
Refreshing native plugins compatible for Editor in 0.70 ms, found 3 plugins.
Preloading 0 native plugins for Editor in 0.00 ms.
Unloading 2019 Unused Serialized files (Serialized files now loaded: 0)
System memory in use before: 92.4 MB.
System memory in use after: 92.3 MB.

Unloading 31 unused Assets to reduce memory usage. Loaded Objects now: 2452.
Total: 3.825000 ms (FindLiveObjects: 0.252000 ms CreateObjectMapping: 0.103800 ms MarkObjects: 3.301400 ms  DeleteObjects: 0.163200 ms)

AssetImportParameters requested are different than current active one (requested -> active):
  custom:framework-win-MediaFoundation: 216162199b28c13a410421893ffa2e32 -> 
  custom:video-decoder-ogg-theora: a1e56fd34408186e4bbccfd4996cb3dc -> 
  custom:container-muxer-webm: aa71ff27fc2769a1b78a27578f13a17b -> 
  custom:container-demuxer-webm: 4f35f7cbe854078d1ac9338744f61a02 -> 
  custom:container-demuxer-ogg: 62fdf1f143b41e24485cea50d1cbac27 -> 
  custom:video-encoder-webm-vp8: eb34c28f22e8b96e1ab97ce403110664 -> 
  custom:video-decoder-webm-vp8: 9c59270c3fd7afecdb556c50c9e8de78 -> 
  custom:audio-decoder-ogg-vorbis: bf7c407c2cedff20999df2af8eb42d56 -> 
  custom:audio-encoder-webm-vorbis: bf7c407c2cedff20999df2af8eb42d56 -> 
========================================================================
Received Import Request.
  path: Assets/background/background1/inazumabackground.asset
  artifactKey: Guid(c9df66efcc68c414db85f56d2ecd82ee) Importer(815301076,1909f56bfc062723c751e8b465ee728b)
Start importing Assets/background/background1/inazumabackground.asset using Guid(c9df66efcc68c414db85f56d2ecd82ee) Importer(815301076,1909f56bfc062723c751e8b465ee728b)  -> (artifact id: '8a00fa6811a0723518f17896c4a5f667') in 0.110898 seconds 
========================================================================
Received Import Request.
  Time since last request: 3.272299 seconds.
  path: Assets/background/background.jpg
  artifactKey: Guid(baa2266d67d16ce48bd630447905e6f3) Importer(815301076,1909f56bfc062723c751e8b465ee728b)
Start importing Assets/background/background.jpg using Guid(baa2266d67d16ce48bd630447905e6f3) Importer(815301076,1909f56bfc062723c751e8b465ee728b)  -> (artifact id: '01cdd7a0a895362f4988b4b849c201d4') in 0.068665 seconds 
========================================================================
Received Import Request.
  Time since last request: 19.080624 seconds.
  path: Assets/background/background.asset
  artifactKey: Guid(43118f6892d259642935e3678f4bb8d1) Importer(815301076,1909f56bfc062723c751e8b465ee728b)
Start importing Assets/background/background.asset using Guid(43118f6892d259642935e3678f4bb8d1) Importer(815301076,1909f56bfc062723c751e8b465ee728b)  -> (artifact id: 'a948ec7ac43ca45f41747cc222f6db5e') in 0.054456 seconds 
========================================================================
Received Import Request.
  Time since last request: 23.036875 seconds.
  path: Assets/background/background.asset
  artifactKey: Guid(43118f6892d259642935e3678f4bb8d1) Importer(815301076,1909f56bfc062723c751e8b465ee728b)
Start importing Assets/background/background.asset using Guid(43118f6892d259642935e3678f4bb8d1) Importer(815301076,1909f56bfc062723c751e8b465ee728b)  -> (artifact id: 'f9202ef142dcf49bb3e68b5662500e51') in 0.052556 seconds 
========================================================================
Received Import Request.
  Time since last request: 0.000544 seconds.
  path: Assets/background/background.jpg
  artifactKey: Guid(baa2266d67d16ce48bd630447905e6f3) Importer(815301076,1909f56bfc062723c751e8b465ee728b)
Start importing Assets/background/background.jpg using Guid(baa2266d67d16ce48bd630447905e6f3) Importer(815301076,1909f56bfc062723c751e8b465ee728b)  -> (artifact id: 'bca9c5022f94d6c70dc481b501f15dbb') in 0.025647 seconds 
========================================================================
Received Import Request.
  Time since last request: 114.256599 seconds.
  path: Assets/background/background.asset
  artifactKey: Guid(43118f6892d259642935e3678f4bb8d1) Importer(815301076,1909f56bfc062723c751e8b465ee728b)
Start importing Assets/background/background.asset using Guid(43118f6892d259642935e3678f4bb8d1) Importer(815301076,1909f56bfc062723c751e8b465ee728b)  -> (artifact id: '5ae223c8f063b07ec43cc81e2b5f4740') in 0.055165 seconds 
========================================================================
Received Import Request.
  Time since last request: 0.000343 seconds.
  path: Assets/background/background.jpg
  artifactKey: Guid(baa2266d67d16ce48bd630447905e6f3) Importer(815301076,1909f56bfc062723c751e8b465ee728b)
Start importing Assets/background/background.jpg using Guid(baa2266d67d16ce48bd630447905e6f3) Importer(815301076,1909f56bfc062723c751e8b465ee728b)  -> (artifact id: 'b670ca4fbf30de67d16a9be8e772fd2f') in 0.058270 seconds 
========================================================================
Received Import Request.
  Time since last request: 176.214919 seconds.
  path: Assets/background/background.asset
  artifactKey: Guid(43118f6892d259642935e3678f4bb8d1) Importer(815301076,1909f56bfc062723c751e8b465ee728b)
Start importing Assets/background/background.asset using Guid(43118f6892d259642935e3678f4bb8d1) Importer(815301076,1909f56bfc062723c751e8b465ee728b)  -> (artifact id: '5fffeba0532e455459b5d4d7e1b0824c') in 0.060363 seconds 
========================================================================
Received Import Request.
  Time since last request: 0.000704 seconds.
  path: Assets/background/background.jpg
  artifactKey: Guid(baa2266d67d16ce48bd630447905e6f3) Importer(815301076,1909f56bfc062723c751e8b465ee728b)
Start importing Assets/background/background.jpg using Guid(baa2266d67d16ce48bd630447905e6f3) Importer(815301076,1909f56bfc062723c751e8b465ee728b)  -> (artifact id: '0ff8e2d4090c85ac024d795efe09be6d') in 0.047590 seconds 
========================================================================
Received Import Request.
  Time since last request: 13.799035 seconds.
  path: Assets/background/background.asset
  artifactKey: Guid(43118f6892d259642935e3678f4bb8d1) Importer(815301076,1909f56bfc062723c751e8b465ee728b)
Start importing Assets/background/background.asset using Guid(43118f6892d259642935e3678f4bb8d1) Importer(815301076,1909f56bfc062723c751e8b465ee728b)  -> (artifact id: '226bf2645eeb29124db2e34ad25b7105') in 0.047211 seconds 
========================================================================
Received Import Request.
  Time since last request: 0.000519 seconds.
  path: Assets/background/background.jpg
  artifactKey: Guid(baa2266d67d16ce48bd630447905e6f3) Importer(815301076,1909f56bfc062723c751e8b465ee728b)
Start importing Assets/background/background.jpg using Guid(baa2266d67d16ce48bd630447905e6f3) Importer(815301076,1909f56bfc062723c751e8b465ee728b)  -> (artifact id: 'be8c6fc3212cebfdb0bf87ea0c37d599') in 0.044936 seconds 
========================================================================
Received Import Request.
  Time since last request: 263.592137 seconds.
  path: Assets/Scenes/terrain.prefab
  artifactKey: Guid(84461808e8d049e42816d1cbc4d92263) Importer(815301076,1909f56bfc062723c751e8b465ee728b)
Start importing Assets/Scenes/terrain.prefab using Guid(84461808e8d049e42816d1cbc4d92263) Importer(815301076,1909f56bfc062723c751e8b465ee728b)  -> (artifact id: '57e8087cdd4529b57dedb402276fdc6a') in 0.074884 seconds 
